This is pdfTeX, Version 3.14159265-2.6-1.40.21 (TeX Live 2020/Debian) (preloaded format=pdflatex 2021.8.25)  26 AUG 2021 10:26
entering extended mode
 restricted \write18 enabled.
 %&-line parsing enabled.
**report.tex
(./report.tex
LaTeX2e <2020-10-01> patch level 4
L3 programming layer <2021-01-09> xparse <2020-03-03>
(/usr/share/texlive/texmf-dist/tex/latex/base/article.cls
Document Class: article 2020/04/10 v1.4m Standard LaTeX document class
(/usr/share/texlive/texmf-dist/tex/latex/base/size11.clo
File: size11.clo 2020/04/10 v1.4m Standard LaTeX file (size option)
)
\c@part=\count177
\c@section=\count178
\c@subsection=\count179
\c@subsubsection=\count180
\c@paragraph=\count181
\c@subparagraph=\count182
\c@figure=\count183
\c@table=\count184
\abovecaptionskip=\skip47
\belowcaptionskip=\skip48
\bibindent=\dimen138
)
(/usr/share/texlive/texmf-dist/tex/latex/geometry/geometry.sty
Package: geometry 2020/01/02 v5.9 Page Geometry

(/usr/share/texlive/texmf-dist/tex/latex/graphics/keyval.sty
Package: keyval 2014/10/28 v1.15 key=value parser (DPC)
\KV@toks@=\toks15
)
(/usr/share/texlive/texmf-dist/tex/generic/iftex/ifvtex.sty
Package: ifvtex 2019/10/25 v1.7 ifvtex legacy package. Use iftex instead.

(/usr/share/texlive/texmf-dist/tex/generic/iftex/iftex.sty
Package: iftex 2020/03/06 v1.0d TeX engine tests
))
\Gm@cnth=\count185
\Gm@cntv=\count186
\c@Gm@tempcnt=\count187
\Gm@bindingoffset=\dimen139
\Gm@wd@mp=\dimen140
\Gm@odd@mp=\dimen141
\Gm@even@mp=\dimen142
\Gm@layoutwidth=\dimen143
\Gm@layoutheight=\dimen144
\Gm@layouthoffset=\dimen145
\Gm@layoutvoffset=\dimen146
\Gm@dimlist=\toks16
)
(/usr/share/texlive/texmf-dist/tex/latex/base/fontenc.sty
Package: fontenc 2020/08/10 v2.0s Standard LaTeX package
)
(/usr/share/texlive/texmf-dist/tex/latex/base/inputenc.sty
Package: inputenc 2020/08/01 v1.3d Input encoding file
\inpenc@prehook=\toks17
\inpenc@posthook=\toks18
)
(/usr/share/texlive/texmf-dist/tex/generic/babel/babel.sty
Package: babel 2021/01/26 3.53 The Babel package

(/usr/share/texlive/texmf-dist/tex/generic/babel/babel.def
File: babel.def 2021/01/26 3.53 Babel common definitions
\babel@savecnt=\count188
\U@D=\dimen147
\l@babelnohyphens=\language4

(/usr/share/texlive/texmf-dist/tex/generic/babel/txtbabel.def)
\bbl@readstream=\read2
)
\bbl@dirlevel=\count189

(/usr/share/texlive/texmf-dist/tex/generic/babel-english/english.ldf
Language: english 2017/06/06 v3.3r English support from the babel system
Package babel Info: \l@british = using hyphenrules for english
(babel)             (\language0) on input line 82.
Package babel Info: \l@UKenglish = using hyphenrules for english
(babel)             (\language0) on input line 83.
Package babel Info: \l@canadian = using hyphenrules for english
(babel)             (\language0) on input line 102.
Package babel Info: \l@australian = using hyphenrules for english
(babel)             (\language0) on input line 105.
Package babel Info: \l@newzealand = using hyphenrules for english
(babel)             (\language0) on input line 108.
))
(/usr/share/texlive/texmf-dist/tex/latex/graphics/graphicx.sty
Package: graphicx 2020/09/09 v1.2b Enhanced LaTeX Graphics (DPC,SPQR)

(/usr/share/texlive/texmf-dist/tex/latex/graphics/graphics.sty
Package: graphics 2020/08/30 v1.4c Standard LaTeX Graphics (DPC,SPQR)

(/usr/share/texlive/texmf-dist/tex/latex/graphics/trig.sty
Package: trig 2016/01/03 v1.10 sin cos tan (DPC)
)
(/usr/share/texlive/texmf-dist/tex/latex/graphics-cfg/graphics.cfg
File: graphics.cfg 2016/06/04 v1.11 sample graphics configuration
)
Package graphics Info: Driver file: pdftex.def on input line 105.

(/usr/share/texlive/texmf-dist/tex/latex/graphics-def/pdftex.def
File: pdftex.def 2020/10/05 v1.2a Graphics/color driver for pdftex
))
\Gin@req@height=\dimen148
\Gin@req@width=\dimen149
)
(/usr/share/texlive/texmf-dist/tex/latex/amsmath/amsmath.sty
Package: amsmath 2020/09/23 v2.17i AMS math features
\@mathmargin=\skip49

For additional information on amsmath, use the `?' option.
(/usr/share/texlive/texmf-dist/tex/latex/amsmath/amstext.sty
Package: amstext 2000/06/29 v2.01 AMS text

(/usr/share/texlive/texmf-dist/tex/latex/amsmath/amsgen.sty
File: amsgen.sty 1999/11/30 v2.0 generic functions
\@emptytoks=\toks19
\ex@=\dimen150
))
(/usr/share/texlive/texmf-dist/tex/latex/amsmath/amsbsy.sty
Package: amsbsy 1999/11/29 v1.2d Bold Symbols
\pmbraise@=\dimen151
)
(/usr/share/texlive/texmf-dist/tex/latex/amsmath/amsopn.sty
Package: amsopn 2016/03/08 v2.02 operator names
)
\inf@bad=\count190
LaTeX Info: Redefining \frac on input line 234.
\uproot@=\count191
\leftroot@=\count192
LaTeX Info: Redefining \overline on input line 399.
\classnum@=\count193
\DOTSCASE@=\count194
LaTeX Info: Redefining \ldots on input line 496.
LaTeX Info: Redefining \dots on input line 499.
LaTeX Info: Redefining \cdots on input line 620.
\Mathstrutbox@=\box47
\strutbox@=\box48
\big@size=\dimen152
LaTeX Font Info:    Redeclaring font encoding OML on input line 743.
LaTeX Font Info:    Redeclaring font encoding OMS on input line 744.
\macc@depth=\count195
\c@MaxMatrixCols=\count196
\dotsspace@=\muskip16
\c@parentequation=\count197
\dspbrk@lvl=\count198
\tag@help=\toks20
\row@=\count199
\column@=\count266
\maxfields@=\count267
\andhelp@=\toks21
\eqnshift@=\dimen153
\alignsep@=\dimen154
\tagshift@=\dimen155
\tagwidth@=\dimen156
\totwidth@=\dimen157
\lineht@=\dimen158
\@envbody=\toks22
\multlinegap=\skip50
\multlinetaggap=\skip51
\mathdisplay@stack=\toks23
LaTeX Info: Redefining \[ on input line 2923.
LaTeX Info: Redefining \] on input line 2924.
)
(/usr/share/texlive/texmf-dist/tex/latex/amsfonts/amsfonts.sty
Package: amsfonts 2013/01/14 v3.01 Basic AMSFonts support
\symAMSa=\mathgroup4
\symAMSb=\mathgroup5
LaTeX Font Info:    Redeclaring math symbol \hbar on input line 98.
LaTeX Font Info:    Overwriting math alphabet `\mathfrak' in version `bold'
(Font)                  U/euf/m/n --> U/euf/b/n on input line 106.
)
(/usr/share/texlive/texmf-dist/tex/latex/amscls/amsthm.sty
Package: amsthm 2020/05/29 v2.20.6
\thm@style=\toks24
\thm@bodyfont=\toks25
\thm@headfont=\toks26
\thm@notefont=\toks27
\thm@headpunct=\toks28
\thm@preskip=\skip52
\thm@postskip=\skip53
\thm@headsep=\skip54
\dth@everypar=\toks29
)
(/usr/share/texlive/texmf-dist/tex/latex/tools/enumerate.sty
Package: enumerate 2015/07/23 v3.00 enumerate extensions (DPC)
\@enLab=\toks30
)
(/usr/share/texlive/texmf-dist/tex/latex/enumitem/enumitem.sty
Package: enumitem 2019/06/20 v3.9 Customized lists
\labelindent=\skip55
\enit@outerparindent=\dimen159
\enit@toks=\toks31
\enit@inbox=\box49
\enit@count@id=\count268
\enitdp@description=\count269
)
(/usr/share/texmf/tex/latex/physics/physics.sty
Package: physics 

(/usr/share/texlive/texmf-dist/tex/latex/l3packages/xparse/xparse.sty
(/usr/share/texlive/texmf-dist/tex/latex/l3kernel/expl3.sty
Package: expl3 2021-01-09 L3 programming layer (loader) 

(/usr/share/texlive/texmf-dist/tex/latex/l3backend/l3backend-pdftex.def
File: l3backend-pdftex.def 2020-01-29 L3 backend support: PDF output (pdfTeX)
\l__color_backend_stack_int=\count270
\l__pdf_internal_box=\box50
))
Package: xparse 2020-10-27 L3 Experimental document command parser

(/usr/share/texlive/texmf-dist/tex/latex/l3packages/xparse/xparse-generic.tex))
) (/usr/share/texlive/texmf-dist/tex/latex/tools/bm.sty
Package: bm 2019/07/24 v1.2d Bold Symbol Support (DPC/FMi)
\symboldoperators=\mathgroup6
\symboldletters=\mathgroup7
\symboldsymbols=\mathgroup8
LaTeX Font Info:    Redeclaring math alphabet \mathbf on input line 141.
LaTeX Info: Redefining \bm on input line 209.
)
(/usr/share/texlive/texmf-dist/tex/latex/setspace/setspace.sty
Package: setspace 2011/12/19 v6.7a set line spacing
)
(/usr/share/texlive/texmf-dist/tex/latex/caption/caption.sty
Package: caption 2020/10/26 v3.5g Customizing captions (AR)

(/usr/share/texlive/texmf-dist/tex/latex/caption/caption3.sty
Package: caption3 2020/10/21 v2.2e caption3 kernel (AR)
\captionmargin=\dimen160
\captionmargin@=\dimen161
\captionwidth=\dimen162
\caption@tempdima=\dimen163
\caption@indent=\dimen164
\caption@parindent=\dimen165
\caption@hangindent=\dimen166
Package caption Info: Standard document class detected.
)
\c@caption@flags=\count271
\c@continuedfloat=\count272
)
(/usr/share/texlive/texmf-dist/tex/latex/mathtools/mathtools.sty
Package: mathtools 2020/03/24 v1.24 mathematical typesetting tools

(/usr/share/texlive/texmf-dist/tex/latex/tools/calc.sty
Package: calc 2017/05/25 v4.3 Infix arithmetic (KKT,FJ)
\calc@Acount=\count273
\calc@Bcount=\count274
\calc@Adimen=\dimen167
\calc@Bdimen=\dimen168
\calc@Askip=\skip56
\calc@Bskip=\skip57
LaTeX Info: Redefining \setlength on input line 80.
LaTeX Info: Redefining \addtolength on input line 81.
\calc@Ccount=\count275
\calc@Cskip=\skip58
)
(/usr/share/texlive/texmf-dist/tex/latex/mathtools/mhsetup.sty
Package: mhsetup 2017/03/31 v1.3 programming setup (MH)
)
LaTeX Info: Thecontrolsequence`\('isalreadyrobust on input line 130.
LaTeX Info: Thecontrolsequence`\)'isalreadyrobust on input line 130.
LaTeX Info: Thecontrolsequence`\['isalreadyrobust on input line 130.
LaTeX Info: Thecontrolsequence`\]'isalreadyrobust on input line 130.
\g_MT_multlinerow_int=\count276
\l_MT_multwidth_dim=\dimen169
\origjot=\skip59
\l_MT_shortvdotswithinadjustabove_dim=\dimen170
\l_MT_shortvdotswithinadjustbelow_dim=\dimen171
\l_MT_above_intertext_sep=\dimen172
\l_MT_below_intertext_sep=\dimen173
\l_MT_above_shortintertext_sep=\dimen174
\l_MT_below_shortintertext_sep=\dimen175
\xmathstrut@box=\box51
\xmathstrut@dim=\dimen176
)
(/usr/share/texlive/texmf-dist/tex/latex/caption/subcaption.sty
Package: subcaption 2020/10/07 v1.3j Sub-captions (AR)
\c@subfigure=\count277
\c@subtable=\count278
)
(/usr/share/texlive/texmf-dist/tex/latex/relsize/relsize.sty
Package: relsize 2013/03/29 ver 4.1
)
(/usr/share/texlive/texmf-dist/tex/latex/listings/listings.sty
\lst@mode=\count279
\lst@gtempboxa=\box52
\lst@token=\toks32
\lst@length=\count280
\lst@currlwidth=\dimen177
\lst@column=\count281
\lst@pos=\count282
\lst@lostspace=\dimen178
\lst@width=\dimen179
\lst@newlines=\count283
\lst@lineno=\count284
\lst@maxwidth=\dimen180

(/usr/share/texlive/texmf-dist/tex/latex/listings/lstmisc.sty
File: lstmisc.sty 2020/03/24 1.8d (Carsten Heinz)
\c@lstnumber=\count285
\lst@skipnumbers=\count286
\lst@framebox=\box53
)
(/usr/share/texlive/texmf-dist/tex/latex/listings/listings.cfg
File: listings.cfg 2020/03/24 1.8d listings configuration
))
Package: listings 2020/03/24 1.8d (Carsten Heinz)

(/usr/share/texlive/texmf-dist/tex/latex/tools/array.sty
Package: array 2020/10/01 v2.5c Tabular extension package (FMi)
\col@sep=\dimen181
\ar@mcellbox=\box54
\extrarowheight=\dimen182
\NC@list=\toks33
\extratabsurround=\skip60
\backup@length=\skip61
\ar@cellbox=\box55
)
(/usr/share/texlive/texmf-dist/tex/latex/float/float.sty
Package: float 2001/11/08 v1.3d Float enhancements (AL)
\c@float@type=\count287
\float@exts=\toks34
\float@box=\box56
\@float@everytoks=\toks35
\@floatcapt=\box57
)
Package caption Info: Option `declare type' requires the `newfloat' package on 
input line 24.

(/usr/share/texlive/texmf-dist/tex/latex/newfloat/newfloat.sty
Package: newfloat 2019/09/02 v1.1l Defining new floating environments (AR)
)
Package newfloat Info: New float `mycapequ' with options `' on input line 24.
\c@mycapequ=\count288
Package newfloat Info: float type `mycapequ'=4 on input line 24.
\c@submycapequ=\count289

(/usr/share/texlive/texmf-dist/tex/latex/diagbox/diagbox.sty
Package: diagbox 2020/02/09 v2.3 Making table heads with diagonal lines

(/usr/share/texlive/texmf-dist/tex/latex/pict2e/pict2e.sty
Package: pict2e 2020/09/30 v0.4b Improved picture commands (HjG,RN,JT)

(/usr/share/texlive/texmf-dist/tex/latex/pict2e/pict2e.cfg
File: pict2e.cfg 2016/02/05 v0.1u pict2e configuration for teTeX/TeXLive
)
Package pict2e Info: Driver file: pdftex.def on input line 112.
Package pict2e Info: Driver file for pict2e: p2e-pdftex.def on input line 114.

(/usr/share/texlive/texmf-dist/tex/latex/pict2e/p2e-pdftex.def
File: p2e-pdftex.def 2016/02/05 v0.1u Driver-dependant file (RN,HjG,JT)
)
\pIIe@GRAPH=\toks36
\@arclen=\dimen183
\@arcrad=\dimen184
\pIIe@tempdima=\dimen185
\pIIe@tempdimb=\dimen186
\pIIe@tempdimc=\dimen187
\pIIe@tempdimd=\dimen188
\pIIe@tempdime=\dimen189
\pIIe@tempdimf=\dimen190
)
\diagbox@boxa=\box58
\diagbox@boxb=\box59
\diagbox@boxm=\box60
\diagbox@wd=\dimen191
\diagbox@ht=\dimen192
\diagbox@insepl=\dimen193
\diagbox@insepr=\dimen194
\diagbox@outsepl=\dimen195
\diagbox@outsepr=\dimen196
)
(/usr/share/texlive/texmf-dist/tex/latex/biblatex/biblatex.sty
Package: biblatex 2020/12/31 v3.16 programmable bibliographies (PK/MW)

(/usr/share/texlive/texmf-dist/tex/generic/pdftexcmds/pdftexcmds.sty
Package: pdftexcmds 2020-06-27 v0.33 Utility functions of pdfTeX for LuaTeX (HO
)

(/usr/share/texlive/texmf-dist/tex/generic/infwarerr/infwarerr.sty
Package: infwarerr 2019/12/03 v1.5 Providing info/warning/error messages (HO)
)
(/usr/share/texlive/texmf-dist/tex/generic/ltxcmds/ltxcmds.sty
Package: ltxcmds 2020-05-10 v1.25 LaTeX kernel commands for general use (HO)
)
Package pdftexcmds Info: \pdf@primitive is available.
Package pdftexcmds Info: \pdf@ifprimitive is available.
Package pdftexcmds Info: \pdfdraftmode found.
)
(/usr/share/texlive/texmf-dist/tex/latex/etoolbox/etoolbox.sty
Package: etoolbox 2020/10/05 v2.5k e-TeX tools for LaTeX (JAW)
\etb@tempcnta=\count290
)
(/usr/share/texlive/texmf-dist/tex/latex/kvoptions/kvoptions.sty
Package: kvoptions 2020-10-07 v3.14 Key value format for package options (HO)

(/usr/share/texlive/texmf-dist/tex/generic/kvsetkeys/kvsetkeys.sty
Package: kvsetkeys 2019/12/15 v1.18 Key value parser (HO)
))
(/usr/share/texlive/texmf-dist/tex/latex/logreq/logreq.sty
Package: logreq 2010/08/04 v1.0 xml request logger
\lrq@indent=\count291

(/usr/share/texlive/texmf-dist/tex/latex/logreq/logreq.def
File: logreq.def 2010/08/04 v1.0 logreq spec v1.0
))
(/usr/share/texlive/texmf-dist/tex/latex/base/ifthen.sty
Package: ifthen 2014/09/29 v1.1c Standard LaTeX ifthen package (DPC)
)
(/usr/share/texlive/texmf-dist/tex/latex/url/url.sty
\Urlmuskip=\muskip17
Package: url 2013/09/16  ver 3.4  Verb mode for urls, etc.
)
\c@tabx@nest=\count292
\c@listtotal=\count293
\c@listcount=\count294
\c@liststart=\count295
\c@liststop=\count296
\c@citecount=\count297
\c@citetotal=\count298
\c@multicitecount=\count299
\c@multicitetotal=\count300
\c@instcount=\count301
\c@maxnames=\count302
\c@minnames=\count303
\c@maxitems=\count304
\c@minitems=\count305
\c@citecounter=\count306
\c@maxcitecounter=\count307
\c@savedcitecounter=\count308
\c@uniquelist=\count309
\c@uniquename=\count310
\c@refsection=\count311
\c@refsegment=\count312
\c@maxextratitle=\count313
\c@maxextratitleyear=\count314
\c@maxextraname=\count315
\c@maxextradate=\count316
\c@maxextraalpha=\count317
\c@abbrvpenalty=\count318
\c@highnamepenalty=\count319
\c@lownamepenalty=\count320
\c@maxparens=\count321
\c@parenlevel=\count322
\blx@tempcnta=\count323
\blx@tempcntb=\count324
\blx@tempcntc=\count325
\blx@maxsection=\count326
\blx@maxsegment@0=\count327
\blx@notetype=\count328
\blx@parenlevel@text=\count329
\blx@parenlevel@foot=\count330
\blx@sectionciteorder@0=\count331
\blx@entrysetcounter=\count332
\blx@biblioinstance=\count333
\labelnumberwidth=\skip62
\labelalphawidth=\skip63
\biblabelsep=\skip64
\bibitemsep=\skip65
\bibnamesep=\skip66
\bibinitsep=\skip67
\bibparsep=\skip68
\bibhang=\skip69
\blx@bcfin=\read3
\blx@bcfout=\write3
\blx@langwohyphens=\language5
\c@mincomprange=\count334
\c@maxcomprange=\count335
\c@mincompwidth=\count336
Package biblatex Info: Trying to load biblatex default data model...
Package biblatex Info: ... file 'blx-dm.def' found.

(/usr/share/texlive/texmf-dist/tex/latex/biblatex/blx-dm.def
File: blx-dm.def 2020/12/31 v3.16 biblatex localization (PK/MW)
)
Package biblatex Info: Trying to load biblatex style data model...
Package biblatex Info: ... file 'numeric.dbx' not found.
Package biblatex Info: Trying to load biblatex custom data model...
Package biblatex Info: ... file 'biblatex-dm.cfg' not found.
\c@afterword=\count337
\c@savedafterword=\count338
\c@annotator=\count339
\c@savedannotator=\count340
\c@author=\count341
\c@savedauthor=\count342
\c@bookauthor=\count343
\c@savedbookauthor=\count344
\c@commentator=\count345
\c@savedcommentator=\count346
\c@editor=\count347
\c@savededitor=\count348
\c@editora=\count349
\c@savededitora=\count350
\c@editorb=\count351
\c@savededitorb=\count352
\c@editorc=\count353
\c@savededitorc=\count354
\c@foreword=\count355
\c@savedforeword=\count356
\c@holder=\count357
\c@savedholder=\count358
\c@introduction=\count359
\c@savedintroduction=\count360
\c@namea=\count361
\c@savednamea=\count362
\c@nameb=\count363
\c@savednameb=\count364
\c@namec=\count365
\c@savednamec=\count366
\c@translator=\count367
\c@savedtranslator=\count368
\c@shortauthor=\count369
\c@savedshortauthor=\count370
\c@shorteditor=\count371
\c@savedshorteditor=\count372
\c@labelname=\count373
\c@savedlabelname=\count374
\c@institution=\count375
\c@savedinstitution=\count376
\c@lista=\count377
\c@savedlista=\count378
\c@listb=\count379
\c@savedlistb=\count380
\c@listc=\count381
\c@savedlistc=\count382
\c@listd=\count383
\c@savedlistd=\count384
\c@liste=\count385
\c@savedliste=\count386
\c@listf=\count387
\c@savedlistf=\count388
\c@location=\count389
\c@savedlocation=\count390
\c@organization=\count391
\c@savedorganization=\count392
\c@origlocation=\count393
\c@savedoriglocation=\count394
\c@origpublisher=\count395
\c@savedorigpublisher=\count396
\c@publisher=\count397
\c@savedpublisher=\count398
\c@language=\count399
\c@savedlanguage=\count400
\c@origlanguage=\count401
\c@savedoriglanguage=\count402
\c@pageref=\count403
\c@savedpageref=\count404
\shorthandwidth=\skip70
\shortjournalwidth=\skip71
\shortserieswidth=\skip72
\shorttitlewidth=\skip73
\shortauthorwidth=\skip74
\shorteditorwidth=\skip75
\locallabelnumberwidth=\skip76
\locallabelalphawidth=\skip77
\localshorthandwidth=\skip78
\localshortjournalwidth=\skip79
\localshortserieswidth=\skip80
\localshorttitlewidth=\skip81
\localshortauthorwidth=\skip82
\localshorteditorwidth=\skip83
Package biblatex Info: Trying to load compatibility code...
Package biblatex Info: ... file 'blx-compat.def' found.

(/usr/share/texlive/texmf-dist/tex/latex/biblatex/blx-compat.def
File: blx-compat.def 2020/12/31 v3.16 biblatex compatibility (PK/MW)
)
Package biblatex Info: Trying to load generic definitions...
Package biblatex Info: ... file 'biblatex.def' found.

(/usr/share/texlive/texmf-dist/tex/latex/biblatex/biblatex.def
File: biblatex.def 2020/12/31 v3.16 biblatex compatibility (PK/MW)
\c@textcitecount=\count405
\c@textcitetotal=\count406
\c@textcitemaxnames=\count407
\c@biburlbigbreakpenalty=\count408
\c@biburlbreakpenalty=\count409
\c@biburlnumpenalty=\count410
\c@biburlucpenalty=\count411
\c@biburllcpenalty=\count412
\biburlbigskip=\muskip18
\biburlnumskip=\muskip19
\biburlucskip=\muskip20
\biburllcskip=\muskip21
\c@smartand=\count413
)
Package biblatex Info: Trying to load bibliography style 'numeric'...
Package biblatex Info: ... file 'numeric.bbx' found.

(/usr/share/texlive/texmf-dist/tex/latex/biblatex/bbx/numeric.bbx
File: numeric.bbx 2020/12/31 v3.16 biblatex bibliography style (PK/MW)
Package biblatex Info: Trying to load bibliography style 'standard'...
Package biblatex Info: ... file 'standard.bbx' found.

(/usr/share/texlive/texmf-dist/tex/latex/biblatex/bbx/standard.bbx
File: standard.bbx 2020/12/31 v3.16 biblatex bibliography style (PK/MW)
\c@bbx:relatedcount=\count414
\c@bbx:relatedtotal=\count415
))
Package biblatex Info: Trying to load citation style 'numeric'...
Package biblatex Info: ... file 'numeric.cbx' found.

(/usr/share/texlive/texmf-dist/tex/latex/biblatex/cbx/numeric.cbx
File: numeric.cbx 2020/12/31 v3.16 biblatex citation style (PK/MW)
Package biblatex Info: Redefining '\cite'.
Package biblatex Info: Redefining '\parencite'.
Package biblatex Info: Redefining '\footcite'.
Package biblatex Info: Redefining '\footcitetext'.
Package biblatex Info: Redefining '\smartcite'.
Package biblatex Info: Redefining '\supercite'.
Package biblatex Info: Redefining '\textcite'.
Package biblatex Info: Redefining '\textcites'.
Package biblatex Info: Redefining '\cites'.
Package biblatex Info: Redefining '\parencites'.
Package biblatex Info: Redefining '\smartcites'.
)
Package biblatex Info: Trying to load configuration file...
Package biblatex Info: ... file 'biblatex.cfg' found.

(/usr/share/texlive/texmf-dist/tex/latex/biblatex/biblatex.cfg
File: biblatex.cfg 
))
(/usr/share/texlive/texmf-dist/tex/latex/csquotes/csquotes.sty
Package: csquotes 2021-01-04 v5.2k context-sensitive quotations (JAW)
\csq@reset=\count416
\csq@gtype=\count417
\csq@glevel=\count418
\csq@qlevel=\count419
\csq@maxlvl=\count420
\csq@tshold=\count421
\csq@ltx@everypar=\toks37

(/usr/share/texlive/texmf-dist/tex/latex/csquotes/csquotes.def
File: csquotes.def 2021-01-04 v5.2k csquotes generic definitions (JAW)
)
Package csquotes Info: Trying to load configuration file 'csquotes.cfg'...
Package csquotes Info: ... configuration file loaded successfully.

(/usr/share/texlive/texmf-dist/tex/latex/csquotes/csquotes.cfg
File: csquotes.cfg 
)
Package csquotes Info: Enabling multilingual quotes.
)
\c@definition=\count422
\c@theo=\count423
\c@prop=\count424
\c@problem=\count425
\c@corollary=\count426
\c@lemma=\count427
Package csquotes Info: Checking for multilingual support...
Package csquotes Info: ... found 'babel' package.
 (./report.aux)
\openout1 = `report.aux'.

LaTeX Font Info:    Checking defaults for OML/cmm/m/it on input line 50.
LaTeX Font Info:    ... okay on input line 50.
LaTeX Font Info:    Checking defaults for OMS/cmsy/m/n on input line 50.
LaTeX Font Info:    ... okay on input line 50.
LaTeX Font Info:    Checking defaults for OT1/cmr/m/n on input line 50.
LaTeX Font Info:    ... okay on input line 50.
LaTeX Font Info:    Checking defaults for T1/cmr/m/n on input line 50.
LaTeX Font Info:    ... okay on input line 50.
LaTeX Font Info:    Checking defaults for TS1/cmr/m/n on input line 50.
LaTeX Font Info:    ... okay on input line 50.
LaTeX Font Info:    Checking defaults for OMX/cmex/m/n on input line 50.
LaTeX Font Info:    ... okay on input line 50.
LaTeX Font Info:    Checking defaults for U/cmr/m/n on input line 50.
LaTeX Font Info:    ... okay on input line 50.
*geometry* driver: auto-detecting
*geometry* detected driver: pdftex
*geometry* verbose mode - [ preamble ] result:
* driver: pdftex
* paper: a4paper
* layout: <same size as paper>
* layoutoffset:(h,v)=(0.0pt,0.0pt)
* modes: 
* h-part:(L,W,R)=(91.04872pt, 415.41043pt, 91.04872pt)
* v-part:(T,H,B)=(113.81102pt, 617.4248pt, 113.81102pt)
* \paperwidth=597.50787pt
* \paperheight=845.04684pt
* \textwidth=415.41043pt
* \textheight=617.4248pt
* \oddsidemargin=18.77873pt
* \evensidemargin=18.77873pt
* \topmargin=4.54103pt
* \headheight=12.0pt
* \headsep=25.0pt
* \topskip=11.0pt
* \footskip=30.0pt
* \marginparwidth=50.0pt
* \marginparsep=10.0pt
* \columnsep=10.0pt
* \skip\footins=10.0pt plus 4.0pt minus 2.0pt
* \hoffset=0.0pt
* \voffset=0.0pt
* \mag=1000
* \@twocolumnfalse
* \@twosidefalse
* \@mparswitchfalse
* \@reversemarginfalse
* (1in=72.27pt=25.4mm, 1cm=28.453pt)

(/usr/share/texlive/texmf-dist/tex/context/base/mkii/supp-pdf.mkii
[Loading MPS to PDF converter (version 2006.09.02).]
\scratchcounter=\count428
\scratchdimen=\dimen197
\scratchbox=\box61
\nofMPsegments=\count429
\nofMParguments=\count430
\everyMPshowfont=\toks38
\MPscratchCnt=\count431
\MPscratchDim=\dimen198
\MPnumerator=\count432
\makeMPintoPDFobject=\count433
\everyMPtoPDFconversion=\toks39
) (/usr/share/texlive/texmf-dist/tex/latex/epstopdf-pkg/epstopdf-base.sty
Package: epstopdf-base 2020-01-24 v2.11 Base part for package epstopdf

(/usr/share/texlive/texmf-dist/tex/latex/grfext/grfext.sty
Package: grfext 2019/12/03 v1.3 Manage graphics extensions (HO)

(/usr/share/texlive/texmf-dist/tex/generic/kvdefinekeys/kvdefinekeys.sty
Package: kvdefinekeys 2019-12-19 v1.6 Define keys (HO)
))
Package epstopdf-base Info: Redefining graphics rule for `.eps' on input line 4
85.
Package grfext Info: Graphics extension search list:
(grfext)             [.pdf,.png,.jpg,.mps,.jpeg,.jbig2,.jb2,.PDF,.PNG,.JPG,.JPE
G,.JBIG2,.JB2,.eps]
(grfext)             \AppendGraphicsExtensions on input line 504.

(/usr/share/texlive/texmf-dist/tex/latex/latexconfig/epstopdf-sys.cfg
File: epstopdf-sys.cfg 2010/07/13 v1.3 Configuration of (r)epstopdf for TeX Liv
e
))
Package caption Info: Begin \AtBeginDocument code.
Package caption Info: float package is loaded.
Package caption Info: listings package is loaded.
Package caption Info: End \AtBeginDocument code.
\c@lstlisting=\count434
Package newfloat Info: `float' package detected.
Package biblatex Info: Trying to load language 'english'...
Package biblatex Info: ... file 'english.lbx' found.

(/usr/share/texlive/texmf-dist/tex/latex/biblatex/lbx/english.lbx
File: english.lbx 2020/12/31 v3.16 biblatex localization (PK/MW)
)
Package biblatex Info: Input encoding 'utf8' detected.
Package biblatex Info: Automatic encoding selection.
(biblatex)             Assuming data encoding 'utf8'.
Package biblatex Info: Document encoding is UTF8 ....
Package biblatex Info: ... and expl3
(biblatex)             2021-01-09 L3 programming layer (loader) 
(biblatex)             is new enough (at least 2020/04/06),
(biblatex)             setting 'casechanger=expl3'.

(/usr/share/texlive/texmf-dist/tex/latex/biblatex/blx-case-expl3.sty
Package: blx-case-expl3 2020/12/31 v3.16 expl3 case changing code for biblatex
)
\openout3 = `report.bcf'.

Package biblatex Info: Trying to load bibliographic data...
Package biblatex Info: ... file 'report.bbl' found.

(./report.bbl)
Package biblatex Info: Reference section=0 on input line 50.
Package biblatex Info: Reference segment=0 on input line 50.
*geometry* verbose mode - [ newgeometry ] result:
* driver: pdftex
* paper: a4paper
* layout: <same size as paper>
* layoutoffset:(h,v)=(0.0pt,0.0pt)
* modes: 
* h-part:(L,W,R)=(56.9055pt, 483.69687pt, 56.9055pt)
* v-part:(T,H,B)=(101.40665pt, 591.5302pt, 152.11pt)
* \paperwidth=597.50787pt
* \paperheight=845.04684pt
* \textwidth=483.69687pt
* \textheight=591.5302pt
* \oddsidemargin=-15.36449pt
* \evensidemargin=-15.36449pt
* \topmargin=-7.86334pt
* \headheight=12.0pt
* \headsep=25.0pt
* \topskip=11.0pt
* \footskip=30.0pt
* \marginparwidth=50.0pt
* \marginparsep=10.0pt
* \columnsep=10.0pt
* \skip\footins=10.0pt plus 4.0pt minus 2.0pt
* \hoffset=0.0pt
* \voffset=0.0pt
* \mag=1000
* \@twocolumnfalse
* \@twosidefalse
* \@mparswitchfalse
* \@reversemarginfalse
* (1in=72.27pt=25.4mm, 1cm=28.453pt)

<./polimi-logo.png, id=1, 1204.5pt x 880.28876pt>
File: ./polimi-logo.png Graphic file (type png)
<use ./polimi-logo.png>
Package pdftex.def Info: ./polimi-logo.png  used on input line 57.
(pdftex.def)             Requested size: 113.81102pt x 83.1716pt.

Underfull \hbox (badness 10000) in paragraph at lines 68--69

 []

[1


{/var/lib/texmf/fonts/map/pdftex/updmap/pdftex.map} <./polimi-logo.png>]
(./report.toc
LaTeX Font Info:    Trying to load font information for U+msa on input line 6.
 (/usr/share/texlive/texmf-dist/tex/latex/amsfonts/umsa.fd
File: umsa.fd 2013/01/14 v3.01 AMS symbols A
)
LaTeX Font Info:    Trying to load font information for U+msb on input line 6.

(/usr/share/texlive/texmf-dist/tex/latex/amsfonts/umsb.fd
File: umsb.fd 2013/01/14 v3.01 AMS symbols B
) [1

]
LaTeX Font Info:    Trying to load font information for T1+cmtt on input line 1
00.

(/usr/share/texlive/texmf-dist/tex/latex/base/t1cmtt.fd
File: t1cmtt.fd 2019/12/16 v2.5j Standard LaTeX font definitions
))
\tf@toc=\write4
\openout4 = `report.toc'.

 [2]
<./potential_cycle.png, id=25, 558.085pt x 328.22626pt>
File: ./potential_cycle.png Graphic file (type png)
<use ./potential_cycle.png>
Package pdftex.def Info: ./potential_cycle.png  used on input line 100.
(pdftex.def)             Requested size: 199.16928pt x 117.13464pt.
 [3 <./potential_cycle.png>]
<./electrical_circuit.png, id=37, 499.8675pt x 236.885pt>
File: ./electrical_circuit.png Graphic file (type png)
<use ./electrical_circuit.png>
Package pdftex.def Info: ./electrical_circuit.png  used on input line 114.
(pdftex.def)             Requested size: 199.16928pt x 94.38362pt.
 [4 <./electrical_circuit.png>]
Underfull \hbox (badness 10000) in paragraph at lines 183--185

 []


Underfull \hbox (badness 10000) in paragraph at lines 191--194

 []

[5] [6] [7] [8]
Overfull \hbox (6.60852pt too wide) detected at line 321
[]
 []

[9]
<./transformation.png, id=68, 485.815pt x 256.96pt>
File: ./transformation.png Graphic file (type png)
<use ./transformation.png>
Package pdftex.def Info: ./transformation.png  used on input line 342.
(pdftex.def)             Requested size: 199.16928pt x 105.34251pt.

Underfull \hbox (badness 10000) in paragraph at lines 348--349

 []


Underfull \hbox (badness 10000) in paragraph at lines 361--363

 []

[10 <./transformation.png>]
<./mass_dubiner.jpg, id=75, 1854.93pt x 908.39375pt>
File: ./mass_dubiner.jpg Graphic file (type jpg)
<use ./mass_dubiner.jpg>
Package pdftex.def Info: ./mass_dubiner.jpg  used on input line 414.
(pdftex.def)             Requested size: 284.52756pt x 139.3303pt.
 [11]
Underfull \hbox (badness 10000) in paragraph at lines 424--427

 []


Underfull \hbox (badness 10000) in paragraph at lines 428--429

 []


Underfull \hbox (badness 10000) in paragraph at lines 430--431

 []

[12 <./mass_dubiner.jpg>]
Underfull \hbox (badness 10000) in paragraph at lines 435--437

 []


Overfull \hbox (7.35368pt too wide) in paragraph at lines 438--439
\T1/cmr/m/n/10.95 Moreover, some con-di-tional state-ments and some ex-tra meth
-ods (as \T1/cmtt/m/n/10.95 matrix2D_dubiner.m\T1/cmr/m/n/10.95 )
 []


Underfull \hbox (badness 10000) in paragraph at lines 438--439

 []

[13]
Underfull \hbox (badness 10000) in paragraph at lines 470--471

 []

[14] [15] [16]
Underfull \hbox (badness 10000) in paragraph at lines 534--535

 []


Underfull \hbox (badness 10000) in paragraph at lines 548--550

 []


Underfull \hbox (badness 10000) in paragraph at lines 548--550

 []


Overfull \hbox (18.71088pt too wide) detected at line 580
[]
 []

[17]
Overfull \hbox (1.94151pt too wide) in paragraph at lines 584--585
\T1/cmr/bx/n/10.95 Problem 7 \T1/cmr/m/n/10.95 (Go-dunov op-er-a-tor-s-plit-tin
g dis-cretized sys-tem)\T1/cmr/bx/n/10.95 . \T1/cmr/m/it/10.95 Find $\OT1/cmr/b
x/n/10.95 ^^H[] \OT1/cmr/m/n/10.95 = [\OML/cmm/m/it/10.95 ^^^[]^^^[]\OT1/cmr/m/
n/10.95 ][]$
 []


Underfull \hbox (badness 10000) in paragraph at lines 605--606

 []

[18]
Underfull \hbox (badness 10000) in paragraph at lines 658--660

 []


Overfull \hbox (25.82988pt too wide) in paragraph at lines 661--662
\T1/cmr/bx/n/10.95 Problem 8 \T1/cmr/m/n/10.95 (Quasi-im-plicit op-er-a-tor-s-p
lit-ting dis-cretized sys-tem)\T1/cmr/bx/n/10.95 . \T1/cmr/m/it/10.95 Find $\OT
1/cmr/bx/n/10.95 ^^H[] \OT1/cmr/m/n/10.95 = [\OML/cmm/m/it/10.95 ^^^[]^^^[]\OT1
/cmr/m/n/10.95 ][]$
 []

[19]
Underfull \hbox (badness 10000) in paragraph at lines 692--693

 []


Underfull \hbox (badness 10000) in paragraph at lines 694--695

 []

[20] [21]
Underfull \hbox (badness 10000) in paragraph at lines 763--764

 []


Underfull \hbox (badness 10000) in paragraph at lines 777--778

 []


Underfull \hbox (badness 10000) in paragraph at lines 779--780

 []


Underfull \hbox (badness 10000) in paragraph at lines 792--793

 []

[22]
Underfull \hbox (badness 10000) in paragraph at lines 803--804

 []


Underfull \hbox (badness 10000) in paragraph at lines 831--836

 []


Underfull \hbox (badness 10000) in paragraph at lines 837--839

 []

[23]
Overfull \hbox (0.3409pt too wide) in paragraph at lines 840--842
\T1/cmr/m/n/10.95 The co-ef-fi-cient im-po-si-tion pro-ce-dure has been im-ple-
mented in the script \T1/cmtt/m/n/10.95 assign_phi_i.m
 []


Underfull \hbox (badness 10000) in paragraph at lines 844--845

 []

[24]
Underfull \hbox (badness 10000) in paragraph at lines 881--883

 []


Underfull \hbox (badness 10000) in paragraph at lines 884--885

 []


Underfull \hbox (badness 10000) in paragraph at lines 902--903

 []

[25]
Underfull \hbox (badness 10000) in paragraph at lines 938--939

 []

[26]
Underfull \hbox (badness 10000) in paragraph at lines 950--951

 []


Underfull \hbox (badness 10000) in paragraph at lines 955--956

 []

[27]
Underfull \hbox (badness 10000) in paragraph at lines 1009--1010

 []


Underfull \hbox (badness 10000) in paragraph at lines 1035--1038

 []


Overfull \hbox (0.62923pt too wide) in paragraph at lines 1039--1043
\T1/cmr/m/n/10.95 The im-ple-men-ta-tion of such trans-for-ma-tion is car-ried 
out in the \T1/cmtt/m/n/10.95 assign_null_average.m
 []

[28] [29] [30]
Underfull \hbox (badness 10000) in paragraph at lines 1126--1127

 []

[31]

Package geometry Warning: `a4paper': not available in `\newgeometry'; skipped.

*geometry* verbose mode - [ newgeometry ] result:
* driver: pdftex
* paper: a4paper
* layout: <same size as paper>
* layoutoffset:(h,v)=(0.0pt,0.0pt)
* modes: 
* h-part:(L,W,R)=(56.9055pt, 483.69687pt, 56.9055pt)
* v-part:(T,H,B)=(85.35826pt, 674.33032pt, 85.35826pt)
* \paperwidth=597.50787pt
* \paperheight=845.04684pt
* \textwidth=483.69687pt
* \textheight=674.33032pt
* \oddsidemargin=-15.36449pt
* \evensidemargin=-15.36449pt
* \topmargin=-23.91173pt
* \headheight=12.0pt
* \headsep=25.0pt
* \topskip=11.0pt
* \footskip=30.0pt
* \marginparwidth=50.0pt
* \marginparsep=10.0pt
* \columnsep=10.0pt
* \skip\footins=10.0pt plus 4.0pt minus 2.0pt
* \hoffset=0.0pt
* \voffset=0.0pt
* \mag=1000
* \@twocolumnfalse
* \@twosidefalse
* \@mparswitchfalse
* \@reversemarginfalse
* (1in=72.27pt=25.4mm, 1cm=28.453pt)

<./errors/D1_Vm_1.jpg, id=145, 1586.92876pt x 914.41624pt>
File: ./errors/D1_Vm_1.jpg Graphic file (type jpg)
<use ./errors/D1_Vm_1.jpg>
Package pdftex.def Info: ./errors/D1_Vm_1.jpg  used on input line 1139.
(pdftex.def)             Requested size: 483.69687pt x 278.70818pt.
<./errors/P1_Vm_1.jpg, id=146, 1584.92125pt x 919.435pt>
File: ./errors/P1_Vm_1.jpg Graphic file (type jpg)
<use ./errors/P1_Vm_1.jpg>
Package pdftex.def Info: ./errors/P1_Vm_1.jpg  used on input line 1145.
(pdftex.def)             Requested size: 483.69687pt x 280.58861pt.
<./errors/D1_Phii_1.jpg, id=147, 1584.92125pt x 906.38625pt>
File: ./errors/D1_Phii_1.jpg Graphic file (type jpg)
<use ./errors/D1_Phii_1.jpg>
Package pdftex.def Info: ./errors/D1_Phii_1.jpg  used on input line 1156.
(pdftex.def)             Requested size: 483.69687pt x 276.60645pt.
<./errors/P1_Phii_1.jpg, id=148, 1579.9025pt x 915.42pt>
File: ./errors/P1_Phii_1.jpg Graphic file (type jpg)
<use ./errors/P1_Phii_1.jpg>
Package pdftex.def Info: ./errors/P1_Phii_1.jpg  used on input line 1162.
(pdftex.def)             Requested size: 483.69687pt x 280.2573pt.
[32

 <./errors/D1_Vm_1.jpg> <./errors/P1_Vm_1.jpg>] [33 <./errors/D1_Phii_1.jpg> <.
/errors/P1_Phii_1.jpg>]
<./errors/D1_Phie_1.jpg, id=157, 1585.925pt x 906.38625pt>
File: ./errors/D1_Phie_1.jpg Graphic file (type jpg)
<use ./errors/D1_Phie_1.jpg>
Package pdftex.def Info: ./errors/D1_Phie_1.jpg  used on input line 1174.
(pdftex.def)             Requested size: 483.69687pt x 276.44049pt.
<./errors/P1_Phie_1.jpg, id=158, 1592.95125pt x 913.4125pt>
File: ./errors/P1_Phie_1.jpg Graphic file (type jpg)
<use ./errors/P1_Phie_1.jpg>
Package pdftex.def Info: ./errors/P1_Phie_1.jpg  used on input line 1180.
(pdftex.def)             Requested size: 483.69687pt x 277.35693pt.
 [34 <./errors/D1_Phie_1.jpg> <./errors/P1_Phie_1.jpg>]
<./errors/D1_w_1.jpg, id=162, 1585.925pt x 903.375pt>
File: ./errors/D1_w_1.jpg Graphic file (type jpg)
<use ./errors/D1_w_1.jpg>
Package pdftex.def Info: ./errors/D1_w_1.jpg  used on input line 1192.
(pdftex.def)             Requested size: 483.69687pt x 275.52208pt.
<./errors/P1_w_1.jpg, id=163, 1594.95876pt x 904.37875pt>
File: ./errors/P1_w_1.jpg Graphic file (type jpg)
<use ./errors/P1_w_1.jpg>
Package pdftex.def Info: ./errors/P1_w_1.jpg  used on input line 1198.
(pdftex.def)             Requested size: 483.69687pt x 274.26886pt.
 [35 <./errors/D1_w_1.jpg> <./errors/P1_w_1.jpg>]
<./errors/D2_Vm_1.jpg, id=167, 1590.94376pt x 915.42pt>
File: ./errors/D2_Vm_1.jpg Graphic file (type jpg)
<use ./errors/D2_Vm_1.jpg>
Package pdftex.def Info: ./errors/D2_Vm_1.jpg  used on input line 1212.
(pdftex.def)             Requested size: 483.69687pt x 278.31572pt.
<./errors/P2_Vm_1.jpg, id=168, 1594.95876pt x 915.42pt>
File: ./errors/P2_Vm_1.jpg Graphic file (type jpg)
<use ./errors/P2_Vm_1.jpg>
Package pdftex.def Info: ./errors/P2_Vm_1.jpg  used on input line 1218.
(pdftex.def)             Requested size: 483.69687pt x 277.61731pt.
<./errors/D2_Phii_1.jpg, id=169, 1588.93625pt x 908.39375pt>
File: ./errors/D2_Phii_1.jpg Graphic file (type jpg)
<use ./errors/D2_Phii_1.jpg>
Package pdftex.def Info: ./errors/D2_Phii_1.jpg  used on input line 1229.
(pdftex.def)             Requested size: 483.69687pt x 276.52605pt.
<./errors/P2_Phii_1.jpg, id=170, 1588.93625pt x 909.3975pt>
File: ./errors/P2_Phii_1.jpg Graphic file (type jpg)
<use ./errors/P2_Phii_1.jpg>
Package pdftex.def Info: ./errors/P2_Phii_1.jpg  used on input line 1235.
(pdftex.def)             Requested size: 483.69687pt x 276.8316pt.
 [36 <./errors/D2_Vm_1.jpg> <./errors/P2_Vm_1.jpg>] [37 <./errors/D2_Phii_1.jpg
> <./errors/P2_Phii_1.jpg>]
<./errors/D2_Phie_1.jpg, id=178, 1589.94pt x 906.38625pt>
File: ./errors/D2_Phie_1.jpg Graphic file (type jpg)
<use ./errors/D2_Phie_1.jpg>
Package pdftex.def Info: ./errors/D2_Phie_1.jpg  used on input line 1247.
(pdftex.def)             Requested size: 483.69687pt x 275.74896pt.
<./errors/P2_Phie_1.jpg, id=179, 1596.96625pt x 911.405pt>
File: ./errors/P2_Phie_1.jpg Graphic file (type jpg)
<use ./errors/P2_Phie_1.jpg>
Package pdftex.def Info: ./errors/P2_Phie_1.jpg  used on input line 1253.
(pdftex.def)             Requested size: 483.69687pt x 276.05202pt.

[38 <./errors/D2_Phie_1.jpg> <./errors/P2_Phie_1.jpg>]
<./errors/D2_w_1.jpg, id=183, 1590.94376pt x 903.375pt>
File: ./errors/D2_w_1.jpg Graphic file (type jpg)
<use ./errors/D2_w_1.jpg>
Package pdftex.def Info: ./errors/D2_w_1.jpg  used on input line 1265.
(pdftex.def)             Requested size: 483.69687pt x 274.65367pt.
<./errors/P2_w_1.jpg, id=184, 1588.93625pt x 898.35625pt>
File: ./errors/P2_w_1.jpg Graphic file (type jpg)
<use ./errors/P2_w_1.jpg>
Package pdftex.def Info: ./errors/P2_w_1.jpg  used on input line 1271.
(pdftex.def)             Requested size: 483.69687pt x 273.4705pt.
 [39 <./errors/D2_w_1.jpg> <./errors/P2_w_1.jpg>]
<./errors/D3_Vm_1.jpg, id=188, 1535.7375pt x 898.35625pt>
File: ./errors/D3_Vm_1.jpg Graphic file (type jpg)
<use ./errors/D3_Vm_1.jpg>
Package pdftex.def Info: ./errors/D3_Vm_1.jpg  used on input line 1286.
(pdftex.def)             Requested size: 483.69687pt x 282.94258pt.
<./errors/P3_Vm_1.jpg, id=189, 1590.94376pt x 917.4275pt>
File: ./errors/P3_Vm_1.jpg Graphic file (type jpg)
<use ./errors/P3_Vm_1.jpg>
Package pdftex.def Info: ./errors/P3_Vm_1.jpg  used on input line 1292.
(pdftex.def)             Requested size: 483.69687pt x 278.92606pt.
<./errors/D3_Phii_1.jpg, id=190, 1537.745pt x 885.3075pt>
File: ./errors/D3_Phii_1.jpg Graphic file (type jpg)
<use ./errors/D3_Phii_1.jpg>
Package pdftex.def Info: ./errors/D3_Phii_1.jpg  used on input line 1303.
(pdftex.def)             Requested size: 483.69687pt x 278.46808pt.
<./errors/P3_Phii_1.jpg, id=191, 1596.96625pt x 923.45pt>
File: ./errors/P3_Phii_1.jpg Graphic file (type jpg)
<use ./errors/P3_Phii_1.jpg>
Package pdftex.def Info: ./errors/P3_Phii_1.jpg  used on input line 1309.
(pdftex.def)             Requested size: 483.69687pt x 279.70027pt.
 [40 <./errors/D3_Vm_1.jpg> <./errors/P3_Vm_1.jpg>]
<./errors/D3_Phie_1.jpg, id=195, 1529.715pt x 884.30376pt>
File: ./errors/D3_Phie_1.jpg Graphic file (type jpg)
<use ./errors/D3_Phie_1.jpg>
Package pdftex.def Info: ./errors/D3_Phie_1.jpg  used on input line 1320.
(pdftex.def)             Requested size: 483.69687pt x 279.60963pt.
<./errors/P3_Phie_1.jpg, id=196, 1592.95125pt x 908.39375pt>
File: ./errors/P3_Phie_1.jpg Graphic file (type jpg)
<use ./errors/P3_Phie_1.jpg>
Package pdftex.def Info: ./errors/P3_Phie_1.jpg  used on input line 1326.
(pdftex.def)             Requested size: 483.69687pt x 275.833pt.

[41 <./errors/D3_Phii_1.jpg> <./errors/P3_Phii_1.jpg>] [42 <./errors/D3_Phie_1.
jpg> <./errors/P3_Phie_1.jpg>]
<./errors/D3_w_1.jpg, id=204, 1535.7375pt x 884.30376pt>
File: ./errors/D3_w_1.jpg Graphic file (type jpg)
<use ./errors/D3_w_1.jpg>
Package pdftex.def Info: ./errors/D3_w_1.jpg  used on input line 1338.
(pdftex.def)             Requested size: 483.69687pt x 278.51668pt.
<./errors/P3_w_1.jpg, id=205, 1590.94376pt x 906.38625pt>
File: ./errors/P3_w_1.jpg Graphic file (type jpg)
<use ./errors/P3_w_1.jpg>
Package pdftex.def Info: ./errors/P3_w_1.jpg  used on input line 1344.
(pdftex.def)             Requested size: 483.69687pt x 275.56917pt.
 [43 <./errors/D3_w_1.jpg> <./errors/P3_w_1.jpg>]
Underfull \hbox (badness 10000) in paragraph at lines 1358--1364

 []


Underfull \hbox (badness 10000) in paragraph at lines 1358--1364

 []

[44

] [45]

Package geometry Warning: `a4paper': not available in `\newgeometry'; skipped.

*geometry* verbose mode - [ newgeometry ] result:
* driver: pdftex
* paper: a4paper
* layout: <same size as paper>
* layoutoffset:(h,v)=(0.0pt,0.0pt)
* modes: 
* h-part:(L,W,R)=(56.9055pt, 483.69687pt, 56.9055pt)
* v-part:(T,H,B)=(56.9055pt, 731.23584pt, 56.9055pt)
* \paperwidth=597.50787pt
* \paperheight=845.04684pt
* \textwidth=483.69687pt
* \textheight=731.23584pt
* \oddsidemargin=-15.36449pt
* \evensidemargin=-15.36449pt
* \topmargin=-52.36449pt
* \headheight=12.0pt
* \headsep=25.0pt
* \topskip=11.0pt
* \footskip=30.0pt
* \marginparwidth=50.0pt
* \marginparsep=10.0pt
* \columnsep=10.0pt
* \skip\footins=10.0pt plus 4.0pt minus 2.0pt
* \hoffset=0.0pt
* \voffset=0.0pt
* \mag=1000
* \@twocolumnfalse
* \@twosidefalse
* \@mparswitchfalse
* \@reversemarginfalse
* (1in=72.27pt=25.4mm, 1cm=28.453pt)

File: ./errors/D1_Vm_1.jpg Graphic file (type jpg)
<use ./errors/D1_Vm_1.jpg>
Package pdftex.def Info: ./errors/D1_Vm_1.jpg  used on input line 1402.
(pdftex.def)             Requested size: 483.69687pt x 278.70818pt.
<./errors/D1_Vm_1_GO.jpg, id=215, 1590.94376pt x 912.40875pt>
File: ./errors/D1_Vm_1_GO.jpg Graphic file (type jpg)
<use ./errors/D1_Vm_1_GO.jpg>
Package pdftex.def Info: ./errors/D1_Vm_1_GO.jpg  used on input line 1408.
(pdftex.def)             Requested size: 483.69687pt x 277.4002pt.
[46

 <./errors/D1_Vm_1_GO.jpg>]

Package geometry Warning: `a4paper': not available in `\newgeometry'; skipped.

*geometry* verbose mode - [ newgeometry ] result:
* driver: pdftex
* paper: a4paper
* layout: <same size as paper>
* layoutoffset:(h,v)=(0.0pt,0.0pt)
* modes: 
* h-part:(L,W,R)=(56.9055pt, 483.69687pt, 56.9055pt)
* v-part:(T,H,B)=(85.35826pt, 702.78308pt, 56.9055pt)
* \paperwidth=597.50787pt
* \paperheight=845.04684pt
* \textwidth=483.69687pt
* \textheight=702.78308pt
* \oddsidemargin=-15.36449pt
* \evensidemargin=-15.36449pt
* \topmargin=-23.91173pt
* \headheight=12.0pt
* \headsep=25.0pt
* \topskip=11.0pt
* \footskip=30.0pt
* \marginparwidth=50.0pt
* \marginparsep=10.0pt
* \columnsep=10.0pt
* \skip\footins=10.0pt plus 4.0pt minus 2.0pt
* \hoffset=0.0pt
* \voffset=0.0pt
* \mag=1000
* \@twocolumnfalse
* \@twosidefalse
* \@mparswitchfalse
* \@reversemarginfalse
* (1in=72.27pt=25.4mm, 1cm=28.453pt)

<./errors/D1_Vm_1_OS.jpg, id=219, 1598.97375pt x 915.42pt>
File: ./errors/D1_Vm_1_OS.jpg Graphic file (type jpg)
<use ./errors/D1_Vm_1_OS.jpg>
Package pdftex.def Info: ./errors/D1_Vm_1_OS.jpg  used on input line 1417.
(pdftex.def)             Requested size: 483.69687pt x 276.9189pt.
File: ./errors/D1_Phii_1.jpg Graphic file (type jpg)
<use ./errors/D1_Phii_1.jpg>
Package pdftex.def Info: ./errors/D1_Phii_1.jpg  used on input line 1426.
(pdftex.def)             Requested size: 483.69687pt x 276.60645pt.
[47

 <./errors/D1_Vm_1_OS.jpg>]
<./errors/D1_Phii_1_GO.jpg, id=223, 1592.95125pt x 904.37875pt>
File: ./errors/D1_Phii_1_GO.jpg Graphic file (type jpg)
<use ./errors/D1_Phii_1_GO.jpg>
Package pdftex.def Info: ./errors/D1_Phii_1_GO.jpg  used on input line 1434.
(pdftex.def)             Requested size: 483.69687pt x 274.61385pt.
<./errors/D1_Phii_1_OS.jpg, id=224, 1598.97375pt x 904.37875pt>
File: ./errors/D1_Phii_1_OS.jpg Graphic file (type jpg)
<use ./errors/D1_Phii_1_OS.jpg>
Package pdftex.def Info: ./errors/D1_Phii_1_OS.jpg  used on input line 1440.
(pdftex.def)             Requested size: 483.69687pt x 273.57887pt.
 [48 <./errors/D1_Phii_1_GO.jpg> <./errors/D1_Phii_1_OS.jpg>]
File: ./errors/D1_Phie_1.jpg Graphic file (type jpg)
<use ./errors/D1_Phie_1.jpg>
Package pdftex.def Info: ./errors/D1_Phie_1.jpg  used on input line 1450.
(pdftex.def)             Requested size: 483.69687pt x 276.44049pt.
<./errors/D1_Phie_1_GO.jpg, id=229, 1586.92876pt x 914.41624pt>
File: ./errors/D1_Phie_1_GO.jpg Graphic file (type jpg)
<use ./errors/D1_Phie_1_GO.jpg>
Package pdftex.def Info: ./errors/D1_Phie_1_GO.jpg  used on input line 1456.
(pdftex.def)             Requested size: 483.69687pt x 278.70818pt.
 [49 <./errors/D1_Phie_1_GO.jpg>]
<./errors/D1_Phie_1_OS.jpg, id=234, 1587.9325pt x 911.405pt>
File: ./errors/D1_Phie_1_OS.jpg Graphic file (type jpg)
<use ./errors/D1_Phie_1_OS.jpg>
Package pdftex.def Info: ./errors/D1_Phie_1_OS.jpg  used on input line 1464.
(pdftex.def)             Requested size: 483.69687pt x 277.62349pt.
File: ./errors/D1_w_1.jpg Graphic file (type jpg)
<use ./errors/D1_w_1.jpg>
Package pdftex.def Info: ./errors/D1_w_1.jpg  used on input line 1473.
(pdftex.def)             Requested size: 483.69687pt x 275.52208pt.
 [50 <./errors/D1_Phie_1_OS.jpg>]
<./errors/D1_w_1_GO.jpg, id=238, 1590.94376pt x 895.345pt>
File: ./errors/D1_w_1_GO.jpg Graphic file (type jpg)
<use ./errors/D1_w_1_GO.jpg>
Package pdftex.def Info: ./errors/D1_w_1_GO.jpg  used on input line 1481.
(pdftex.def)             Requested size: 483.69687pt x 272.2123pt.
<./errors/D1_w_1_OS.jpg, id=239, 1594.95876pt x 904.37875pt>
File: ./errors/D1_w_1_OS.jpg Graphic file (type jpg)
<use ./errors/D1_w_1_OS.jpg>
Package pdftex.def Info: ./errors/D1_w_1_OS.jpg  used on input line 1487.
(pdftex.def)             Requested size: 483.69687pt x 274.26886pt.

[51 <./errors/D1_w_1_GO.jpg> <./errors/D1_w_1_OS.jpg>]

Package geometry Warning: `a4paper': not available in `\newgeometry'; skipped.

*geometry* verbose mode - [ newgeometry ] result:
* driver: pdftex
* paper: a4paper
* layout: <same size as paper>
* layoutoffset:(h,v)=(0.0pt,0.0pt)
* modes: 
* h-part:(L,W,R)=(56.9055pt, 483.69687pt, 56.9055pt)
* v-part:(T,H,B)=(85.35826pt, 674.33032pt, 85.35826pt)
* \paperwidth=597.50787pt
* \paperheight=845.04684pt
* \textwidth=483.69687pt
* \textheight=674.33032pt
* \oddsidemargin=-15.36449pt
* \evensidemargin=-15.36449pt
* \topmargin=-23.91173pt
* \headheight=12.0pt
* \headsep=25.0pt
* \topskip=11.0pt
* \footskip=30.0pt
* \marginparwidth=50.0pt
* \marginparsep=10.0pt
* \columnsep=10.0pt
* \skip\footins=10.0pt plus 4.0pt minus 2.0pt
* \hoffset=0.0pt
* \voffset=0.0pt
* \mag=1000
* \@twocolumnfalse
* \@twosidefalse
* \@mparswitchfalse
* \@reversemarginfalse
* (1in=72.27pt=25.4mm, 1cm=28.453pt)

File: ./errors/D1_Vm_1.jpg Graphic file (type jpg)
<use ./errors/D1_Vm_1.jpg>
Package pdftex.def Info: ./errors/D1_Vm_1.jpg  used on input line 1505.
(pdftex.def)             Requested size: 483.69687pt x 278.70818pt.
<./errors/D1_Vm_2.jpg, id=243, 1592.95125pt x 913.4125pt>
File: ./errors/D1_Vm_2.jpg Graphic file (type jpg)
<use ./errors/D1_Vm_2.jpg>
Package pdftex.def Info: ./errors/D1_Vm_2.jpg  used on input line 1511.
(pdftex.def)             Requested size: 483.69687pt x 277.35693pt.
File: ./errors/D1_Phii_1.jpg Graphic file (type jpg)
<use ./errors/D1_Phii_1.jpg>
Package pdftex.def Info: ./errors/D1_Phii_1.jpg  used on input line 1521.
(pdftex.def)             Requested size: 483.69687pt x 276.60645pt.
<./errors/D1_Phii_2.jpg, id=244, 1592.95125pt x 909.3975pt>
File: ./errors/D1_Phii_2.jpg Graphic file (type jpg)
<use ./errors/D1_Phii_2.jpg>
Package pdftex.def Info: ./errors/D1_Phii_2.jpg  used on input line 1527.
(pdftex.def)             Requested size: 483.69687pt x 276.13779pt.
[52


 <./errors/D1_Vm_2.jpg>] [53 <./errors/D1_Phii_2.jpg>]
File: ./errors/D1_Phie_1.jpg Graphic file (type jpg)
<use ./errors/D1_Phie_1.jpg>
Package pdftex.def Info: ./errors/D1_Phie_1.jpg  used on input line 1539.
(pdftex.def)             Requested size: 483.69687pt x 276.44049pt.
<./errors/D1_Phie_2.jpg, id=251, 1594.95876pt x 909.3975pt>
File: ./errors/D1_Phie_2.jpg Graphic file (type jpg)
<use ./errors/D1_Phie_2.jpg>
Package pdftex.def Info: ./errors/D1_Phie_2.jpg  used on input line 1545.
(pdftex.def)             Requested size: 483.69687pt x 275.79088pt.
 [54 <./errors/D1_Phie_2.jpg>]
File: ./errors/D1_w_1.jpg Graphic file (type jpg)
<use ./errors/D1_w_1.jpg>
Package pdftex.def Info: ./errors/D1_w_1.jpg  used on input line 1557.
(pdftex.def)             Requested size: 483.69687pt x 275.52208pt.
<./errors/D1_w_2.jpg, id=256, 1594.95876pt x 902.37125pt>
File: ./errors/D1_w_2.jpg Graphic file (type jpg)
<use ./errors/D1_w_2.jpg>
Package pdftex.def Info: ./errors/D1_w_2.jpg  used on input line 1563.
(pdftex.def)             Requested size: 483.69687pt x 273.66003pt.
 [55 <./errors/D1_w_2.jpg>]
Overfull \hbox (12.38934pt too wide) in paragraph at lines 1576--1624
 [] 
 []


Underfull \hbox (badness 10000) in paragraph at lines 1626--1627

 []

[56

]
Underfull \hbox (badness 10000) in paragraph at lines 1628--1630

 []

[57]

Package geometry Warning: `a4paper': not available in `\newgeometry'; skipped.

*geometry* verbose mode - [ newgeometry ] result:
* driver: pdftex
* paper: a4paper
* layout: <same size as paper>
* layoutoffset:(h,v)=(0.0pt,0.0pt)
* modes: 
* h-part:(L,W,R)=(28.45274pt, 540.60239pt, 28.45274pt)
* v-part:(T,H,B)=(28.45274pt, 759.6886pt, 56.9055pt)
* \paperwidth=597.50787pt
* \paperheight=845.04684pt
* \textwidth=540.60239pt
* \textheight=759.6886pt
* \oddsidemargin=-43.81725pt
* \evensidemargin=-43.81725pt
* \topmargin=-80.81725pt
* \headheight=12.0pt
* \headsep=25.0pt
* \topskip=11.0pt
* \footskip=30.0pt
* \marginparwidth=50.0pt
* \marginparsep=10.0pt
* \columnsep=10.0pt
* \skip\footins=10.0pt plus 4.0pt minus 2.0pt
* \hoffset=0.0pt
* \voffset=0.0pt
* \mag=1000
* \@twocolumnfalse
* \@twosidefalse
* \@mparswitchfalse
* \@reversemarginfalse
* (1in=72.27pt=25.4mm, 1cm=28.453pt)

<./tc1-1/002.jpg, id=266, 562.1pt x 421.575pt>
File: ./tc1-1/002.jpg Graphic file (type jpg)
<use ./tc1-1/002.jpg>
Package pdftex.def Info: ./tc1-1/002.jpg  used on input line 1666.
(pdftex.def)             Requested size: 227.62204pt x 170.71764pt.

Overfull \hbox (11.3844pt too wide) in paragraph at lines 1666--1667
[][] 
 []

<./tc1-1/004.jpg, id=267, 562.1pt x 421.575pt>
File: ./tc1-1/004.jpg Graphic file (type jpg)
<use ./tc1-1/004.jpg>
Package pdftex.def Info: ./tc1-1/004.jpg  used on input line 1669.
(pdftex.def)             Requested size: 227.62204pt x 170.71764pt.

Overfull \hbox (11.3844pt too wide) in paragraph at lines 1669--1670
[][] 
 []

<./tc1-1/006.jpg, id=268, 562.1pt x 421.575pt>
File: ./tc1-1/006.jpg Graphic file (type jpg)
<use ./tc1-1/006.jpg>
Package pdftex.def Info: ./tc1-1/006.jpg  used on input line 1672.
(pdftex.def)             Requested size: 227.62204pt x 170.71764pt.

Overfull \hbox (11.3844pt too wide) in paragraph at lines 1672--1673
[][] 
 []

<./tc1-1/008.jpg, id=269, 562.1pt x 421.575pt>
File: ./tc1-1/008.jpg Graphic file (type jpg)
<use ./tc1-1/008.jpg>
Package pdftex.def Info: ./tc1-1/008.jpg  used on input line 1675.
(pdftex.def)             Requested size: 227.62204pt x 170.71764pt.

Overfull \hbox (11.3844pt too wide) in paragraph at lines 1675--1676
[][] 
 []

<./tc1-1/010.jpg, id=270, 562.1pt x 421.575pt>
File: ./tc1-1/010.jpg Graphic file (type jpg)
<use ./tc1-1/010.jpg>
Package pdftex.def Info: ./tc1-1/010.jpg  used on input line 1678.
(pdftex.def)             Requested size: 227.62204pt x 170.71764pt.

Overfull \hbox (11.3844pt too wide) in paragraph at lines 1678--1679
[][] 
 []

<./tc1-1/012.jpg, id=271, 562.1pt x 421.575pt>
File: ./tc1-1/012.jpg Graphic file (type jpg)
<use ./tc1-1/012.jpg>
Package pdftex.def Info: ./tc1-1/012.jpg  used on input line 1681.
(pdftex.def)             Requested size: 227.62204pt x 170.71764pt.

Overfull \hbox (11.3844pt too wide) in paragraph at lines 1681--1682
[][] 
 []

<./tc1-1/014.jpg, id=272, 562.1pt x 421.575pt>
File: ./tc1-1/014.jpg Graphic file (type jpg)
<use ./tc1-1/014.jpg>
Package pdftex.def Info: ./tc1-1/014.jpg  used on input line 1684.
(pdftex.def)             Requested size: 227.62204pt x 170.71764pt.

Overfull \hbox (11.3844pt too wide) in paragraph at lines 1684--1685
[][] 
 []

<./tc1-1/016.jpg, id=273, 572.1375pt x 414.54875pt>
File: ./tc1-1/016.jpg Graphic file (type jpg)
<use ./tc1-1/016.jpg>
Package pdftex.def Info: ./tc1-1/016.jpg  used on input line 1687.
(pdftex.def)             Requested size: 227.62204pt x 164.92465pt.

Overfull \hbox (11.3844pt too wide) in paragraph at lines 1687--1688
[][] 
 []


LaTeX Warning: `h' float specifier changed to `ht'.

[58 <./tc1-1/002.jpg> <./tc1-1/004.jpg> <./tc1-1/006.jpg> <./tc1-1/008.jpg> <./
tc1-1/010.jpg> <./tc1-1/012.jpg> <./tc1-1/014.jpg> <./tc1-1/016.jpg>]

Package geometry Warning: `a4paper': not available in `\newgeometry'; skipped.

*geometry* verbose mode - [ newgeometry ] result:
* driver: pdftex
* paper: a4paper
* layout: <same size as paper>
* layoutoffset:(h,v)=(0.0pt,0.0pt)
* modes: 
* h-part:(L,W,R)=(28.45274pt, 540.60239pt, 28.45274pt)
* v-part:(T,H,B)=(28.45274pt, 759.6886pt, 56.9055pt)
* \paperwidth=597.50787pt
* \paperheight=845.04684pt
* \textwidth=540.60239pt
* \textheight=759.6886pt
* \oddsidemargin=-43.81725pt
* \evensidemargin=-43.81725pt
* \topmargin=-80.81725pt
* \headheight=12.0pt
* \headsep=25.0pt
* \topskip=11.0pt
* \footskip=30.0pt
* \marginparwidth=50.0pt
* \marginparsep=10.0pt
* \columnsep=10.0pt
* \skip\footins=10.0pt plus 4.0pt minus 2.0pt
* \hoffset=0.0pt
* \voffset=0.0pt
* \mag=1000
* \@twocolumnfalse
* \@twosidefalse
* \@mparswitchfalse
* \@reversemarginfalse
* (1in=72.27pt=25.4mm, 1cm=28.453pt)

<./tc1-2/002.jpg, id=280, 562.1pt x 421.575pt>
File: ./tc1-2/002.jpg Graphic file (type jpg)
<use ./tc1-2/002.jpg>
Package pdftex.def Info: ./tc1-2/002.jpg  used on input line 1696.
(pdftex.def)             Requested size: 227.62204pt x 170.71764pt.

Overfull \hbox (11.3844pt too wide) in paragraph at lines 1696--1697
[][] 
 []

<./tc1-2/004.jpg, id=281, 562.1pt x 421.575pt>
File: ./tc1-2/004.jpg Graphic file (type jpg)
<use ./tc1-2/004.jpg>
Package pdftex.def Info: ./tc1-2/004.jpg  used on input line 1699.
(pdftex.def)             Requested size: 227.62204pt x 170.71764pt.

Overfull \hbox (11.3844pt too wide) in paragraph at lines 1699--1700
[][] 
 []

<./tc1-2/006.jpg, id=282, 572.1375pt x 414.54875pt>
File: ./tc1-2/006.jpg Graphic file (type jpg)
<use ./tc1-2/006.jpg>
Package pdftex.def Info: ./tc1-2/006.jpg  used on input line 1702.
(pdftex.def)             Requested size: 227.62204pt x 164.92465pt.

Overfull \hbox (11.3844pt too wide) in paragraph at lines 1702--1703
[][] 
 []

<./tc1-2/008.jpg, id=283, 562.1pt x 421.575pt>
File: ./tc1-2/008.jpg Graphic file (type jpg)
<use ./tc1-2/008.jpg>
Package pdftex.def Info: ./tc1-2/008.jpg  used on input line 1705.
(pdftex.def)             Requested size: 227.62204pt x 170.71764pt.

Overfull \hbox (11.3844pt too wide) in paragraph at lines 1705--1706
[][] 
 []

<./tc1-2/010.jpg, id=284, 572.1375pt x 414.54875pt>
File: ./tc1-2/010.jpg Graphic file (type jpg)
<use ./tc1-2/010.jpg>
Package pdftex.def Info: ./tc1-2/010.jpg  used on input line 1708.
(pdftex.def)             Requested size: 227.62204pt x 164.92465pt.

Overfull \hbox (11.3844pt too wide) in paragraph at lines 1708--1709
[][] 
 []

<./tc1-2/012.jpg, id=285, 562.1pt x 421.575pt>
File: ./tc1-2/012.jpg Graphic file (type jpg)
<use ./tc1-2/012.jpg>
Package pdftex.def Info: ./tc1-2/012.jpg  used on input line 1711.
(pdftex.def)             Requested size: 227.62204pt x 170.71764pt.

Overfull \hbox (11.3844pt too wide) in paragraph at lines 1711--1712
[][] 
 []

<./tc1-2/014.jpg, id=286, 562.1pt x 421.575pt>
File: ./tc1-2/014.jpg Graphic file (type jpg)
<use ./tc1-2/014.jpg>
Package pdftex.def Info: ./tc1-2/014.jpg  used on input line 1714.
(pdftex.def)             Requested size: 227.62204pt x 170.71764pt.

Overfull \hbox (11.3844pt too wide) in paragraph at lines 1714--1715
[][] 
 []

<./tc1-2/016.jpg, id=287, 562.1pt x 421.575pt>
File: ./tc1-2/016.jpg Graphic file (type jpg)
<use ./tc1-2/016.jpg>
Package pdftex.def Info: ./tc1-2/016.jpg  used on input line 1717.
(pdftex.def)             Requested size: 227.62204pt x 170.71764pt.

Overfull \hbox (11.3844pt too wide) in paragraph at lines 1717--1718
[][] 
 []


LaTeX Warning: `h' float specifier changed to `ht'.

[59 <./tc1-2/002.jpg> <./tc1-2/004.jpg> <./tc1-2/006.jpg> <./tc1-2/008.jpg> <./
tc1-2/010.jpg> <./tc1-2/012.jpg> <./tc1-2/014.jpg> <./tc1-2/016.jpg>]
Underfull \hbox (badness 10000) in paragraph at lines 1745--1746

 []

[60




]

Package geometry Warning: `a4paper': not available in `\newgeometry'; skipped.

*geometry* verbose mode - [ newgeometry ] result:
* driver: pdftex
* paper: a4paper
* layout: <same size as paper>
* layoutoffset:(h,v)=(0.0pt,0.0pt)
* modes: 
* h-part:(L,W,R)=(28.45274pt, 540.60239pt, 28.45274pt)
* v-part:(T,H,B)=(28.45274pt, 759.6886pt, 56.9055pt)
* \paperwidth=597.50787pt
* \paperheight=845.04684pt
* \textwidth=540.60239pt
* \textheight=759.6886pt
* \oddsidemargin=-43.81725pt
* \evensidemargin=-43.81725pt
* \topmargin=-80.81725pt
* \headheight=12.0pt
* \headsep=25.0pt
* \topskip=11.0pt
* \footskip=30.0pt
* \marginparwidth=50.0pt
* \marginparsep=10.0pt
* \columnsep=10.0pt
* \skip\footins=10.0pt plus 4.0pt minus 2.0pt
* \hoffset=0.0pt
* \voffset=0.0pt
* \mag=1000
* \@twocolumnfalse
* \@twosidefalse
* \@mparswitchfalse
* \@reversemarginfalse
* (1in=72.27pt=25.4mm, 1cm=28.453pt)

<./tc2-1/004.jpg, id=295, 562.1pt x 421.575pt>
File: ./tc2-1/004.jpg Graphic file (type jpg)
<use ./tc2-1/004.jpg>
Package pdftex.def Info: ./tc2-1/004.jpg  used on input line 1755.
(pdftex.def)             Requested size: 227.62204pt x 170.71764pt.

Overfull \hbox (11.3844pt too wide) in paragraph at lines 1755--1756
[][] 
 []

<./tc2-1/012.jpg, id=296, 562.1pt x 421.575pt>
File: ./tc2-1/012.jpg Graphic file (type jpg)
<use ./tc2-1/012.jpg>
Package pdftex.def Info: ./tc2-1/012.jpg  used on input line 1758.
(pdftex.def)             Requested size: 227.62204pt x 170.71764pt.

Overfull \hbox (11.3844pt too wide) in paragraph at lines 1758--1759
[][] 
 []

<./tc2-1/020.jpg, id=297, 562.1pt x 421.575pt>
File: ./tc2-1/020.jpg Graphic file (type jpg)
<use ./tc2-1/020.jpg>
Package pdftex.def Info: ./tc2-1/020.jpg  used on input line 1761.
(pdftex.def)             Requested size: 227.62204pt x 170.71764pt.

Overfull \hbox (11.3844pt too wide) in paragraph at lines 1761--1762
[][] 
 []

<./tc2-1/028.jpg, id=298, 562.1pt x 421.575pt>
File: ./tc2-1/028.jpg Graphic file (type jpg)
<use ./tc2-1/028.jpg>
Package pdftex.def Info: ./tc2-1/028.jpg  used on input line 1764.
(pdftex.def)             Requested size: 227.62204pt x 170.71764pt.

Overfull \hbox (11.3844pt too wide) in paragraph at lines 1764--1765
[][] 
 []

<./tc2-1/036.jpg, id=299, 562.1pt x 421.575pt>
File: ./tc2-1/036.jpg Graphic file (type jpg)
<use ./tc2-1/036.jpg>
Package pdftex.def Info: ./tc2-1/036.jpg  used on input line 1767.
(pdftex.def)             Requested size: 227.62204pt x 170.71764pt.

Overfull \hbox (11.3844pt too wide) in paragraph at lines 1767--1768
[][] 
 []

<./tc2-1/044.jpg, id=300, 562.1pt x 421.575pt>
File: ./tc2-1/044.jpg Graphic file (type jpg)
<use ./tc2-1/044.jpg>
Package pdftex.def Info: ./tc2-1/044.jpg  used on input line 1770.
(pdftex.def)             Requested size: 227.62204pt x 170.71764pt.

Overfull \hbox (11.3844pt too wide) in paragraph at lines 1770--1771
[][] 
 []

<./tc2-1/052.jpg, id=301, 562.1pt x 421.575pt>
File: ./tc2-1/052.jpg Graphic file (type jpg)
<use ./tc2-1/052.jpg>
Package pdftex.def Info: ./tc2-1/052.jpg  used on input line 1773.
(pdftex.def)             Requested size: 227.62204pt x 170.71764pt.

Overfull \hbox (11.3844pt too wide) in paragraph at lines 1773--1774
[][] 
 []

<./tc2-1/060.jpg, id=302, 572.1375pt x 414.54875pt>
File: ./tc2-1/060.jpg Graphic file (type jpg)
<use ./tc2-1/060.jpg>
Package pdftex.def Info: ./tc2-1/060.jpg  used on input line 1776.
(pdftex.def)             Requested size: 227.62204pt x 164.92465pt.

Overfull \hbox (11.3844pt too wide) in paragraph at lines 1776--1777
[][] 
 []


LaTeX Warning: `h' float specifier changed to `ht'.

[61 <./tc2-1/004.jpg> <./tc2-1/012.jpg> <./tc2-1/020.jpg> <./tc2-1/028.jpg> <./
tc2-1/036.jpg> <./tc2-1/044.jpg> <./tc2-1/052.jpg> <./tc2-1/060.jpg>]

Package geometry Warning: `a4paper': not available in `\newgeometry'; skipped.

*geometry* verbose mode - [ newgeometry ] result:
* driver: pdftex
* paper: a4paper
* layout: <same size as paper>
* layoutoffset:(h,v)=(0.0pt,0.0pt)
* modes: 
* h-part:(L,W,R)=(28.45274pt, 540.60239pt, 28.45274pt)
* v-part:(T,H,B)=(28.45274pt, 759.6886pt, 56.9055pt)
* \paperwidth=597.50787pt
* \paperheight=845.04684pt
* \textwidth=540.60239pt
* \textheight=759.6886pt
* \oddsidemargin=-43.81725pt
* \evensidemargin=-43.81725pt
* \topmargin=-80.81725pt
* \headheight=12.0pt
* \headsep=25.0pt
* \topskip=11.0pt
* \footskip=30.0pt
* \marginparwidth=50.0pt
* \marginparsep=10.0pt
* \columnsep=10.0pt
* \skip\footins=10.0pt plus 4.0pt minus 2.0pt
* \hoffset=0.0pt
* \voffset=0.0pt
* \mag=1000
* \@twocolumnfalse
* \@twosidefalse
* \@mparswitchfalse
* \@reversemarginfalse
* (1in=72.27pt=25.4mm, 1cm=28.453pt)

<./tc2-2/004.jpg, id=306, 562.1pt x 421.575pt>
File: ./tc2-2/004.jpg Graphic file (type jpg)
<use ./tc2-2/004.jpg>
Package pdftex.def Info: ./tc2-2/004.jpg  used on input line 1785.
(pdftex.def)             Requested size: 227.62204pt x 170.71764pt.

Overfull \hbox (11.3844pt too wide) in paragraph at lines 1785--1786
[][] 
 []

<./tc2-2/012.jpg, id=307, 562.1pt x 421.575pt>
File: ./tc2-2/012.jpg Graphic file (type jpg)
<use ./tc2-2/012.jpg>
Package pdftex.def Info: ./tc2-2/012.jpg  used on input line 1788.
(pdftex.def)             Requested size: 227.62204pt x 170.71764pt.

Overfull \hbox (11.3844pt too wide) in paragraph at lines 1788--1789
[][] 
 []

<./tc2-2/020.jpg, id=308, 572.1375pt x 414.54875pt>
File: ./tc2-2/020.jpg Graphic file (type jpg)
<use ./tc2-2/020.jpg>
Package pdftex.def Info: ./tc2-2/020.jpg  used on input line 1791.
(pdftex.def)             Requested size: 227.62204pt x 164.92465pt.

Overfull \hbox (11.3844pt too wide) in paragraph at lines 1791--1792
[][] 
 []

<./tc2-2/028.jpg, id=309, 572.1375pt x 414.54875pt>
File: ./tc2-2/028.jpg Graphic file (type jpg)
<use ./tc2-2/028.jpg>
Package pdftex.def Info: ./tc2-2/028.jpg  used on input line 1794.
(pdftex.def)             Requested size: 227.62204pt x 164.92465pt.

Overfull \hbox (11.3844pt too wide) in paragraph at lines 1794--1795
[][] 
 []

<./tc2-2/036.jpg, id=310, 562.1pt x 421.575pt>
File: ./tc2-2/036.jpg Graphic file (type jpg)
<use ./tc2-2/036.jpg>
Package pdftex.def Info: ./tc2-2/036.jpg  used on input line 1797.
(pdftex.def)             Requested size: 227.62204pt x 170.71764pt.

Overfull \hbox (11.3844pt too wide) in paragraph at lines 1797--1798
[][] 
 []

<./tc2-2/044.jpg, id=311, 572.1375pt x 414.54875pt>
File: ./tc2-2/044.jpg Graphic file (type jpg)
<use ./tc2-2/044.jpg>
Package pdftex.def Info: ./tc2-2/044.jpg  used on input line 1800.
(pdftex.def)             Requested size: 227.62204pt x 164.92465pt.

Overfull \hbox (11.3844pt too wide) in paragraph at lines 1800--1801
[][] 
 []

<./tc2-2/052.jpg, id=312, 572.1375pt x 414.54875pt>
File: ./tc2-2/052.jpg Graphic file (type jpg)
<use ./tc2-2/052.jpg>
Package pdftex.def Info: ./tc2-2/052.jpg  used on input line 1803.
(pdftex.def)             Requested size: 227.62204pt x 164.92465pt.

Overfull \hbox (11.3844pt too wide) in paragraph at lines 1803--1804
[][] 
 []

<./tc2-2/060.jpg, id=313, 572.1375pt x 414.54875pt>
File: ./tc2-2/060.jpg Graphic file (type jpg)
<use ./tc2-2/060.jpg>
Package pdftex.def Info: ./tc2-2/060.jpg  used on input line 1806.
(pdftex.def)             Requested size: 227.62204pt x 164.92465pt.

Overfull \hbox (11.3844pt too wide) in paragraph at lines 1806--1807
[][] 
 []


LaTeX Warning: `h' float specifier changed to `ht'.

[62 <./tc2-2/004.jpg> <./tc2-2/012.jpg> <./tc2-2/020.jpg> <./tc2-2/028.jpg> <./
tc2-2/036.jpg> <./tc2-2/044.jpg> <./tc2-2/052.jpg> <./tc2-2/060.jpg>] [63




]
File: ./errors/D1_Vm_2.jpg Graphic file (type jpg)
<use ./errors/D1_Vm_2.jpg>
Package pdftex.def Info: ./errors/D1_Vm_2.jpg  used on input line 1831.
(pdftex.def)             Requested size: 415.41043pt x 238.19246pt.
<./errors/P1_Vm_2.jpg, id=320, 1586.92876pt x 914.41624pt>
File: ./errors/P1_Vm_2.jpg Graphic file (type jpg)
<use ./errors/P1_Vm_2.jpg>
Package pdftex.def Info: ./errors/P1_Vm_2.jpg  used on input line 1837.
(pdftex.def)             Requested size: 415.41043pt x 239.36115pt.

Overfull \vbox (9.30988pt too high) has occurred while \output is active []


[64 <./errors/P1_Vm_2.jpg>]

Package geometry Warning: `a4paper': not available in `\newgeometry'; skipped.

*geometry* verbose mode - [ newgeometry ] result:
* driver: pdftex
* paper: a4paper
* layout: <same size as paper>
* layoutoffset:(h,v)=(0.0pt,0.0pt)
* modes: 
* h-part:(L,W,R)=(91.04872pt, 415.41043pt, 91.04872pt)
* v-part:(T,H,B)=(85.35826pt, 645.87756pt, 113.81102pt)
* \paperwidth=597.50787pt
* \paperheight=845.04684pt
* \textwidth=415.41043pt
* \textheight=645.87756pt
* \oddsidemargin=18.77873pt
* \evensidemargin=18.77873pt
* \topmargin=-23.91173pt
* \headheight=12.0pt
* \headsep=25.0pt
* \topskip=11.0pt
* \footskip=30.0pt
* \marginparwidth=50.0pt
* \marginparsep=10.0pt
* \columnsep=10.0pt
* \skip\footins=10.0pt plus 4.0pt minus 2.0pt
* \hoffset=0.0pt
* \voffset=0.0pt
* \mag=1000
* \@twocolumnfalse
* \@twosidefalse
* \@mparswitchfalse
* \@reversemarginfalse
* (1in=72.27pt=25.4mm, 1cm=28.453pt)

File: ./errors/D1_Phii_2.jpg Graphic file (type jpg)
<use ./errors/D1_Phii_2.jpg>
Package pdftex.def Info: ./errors/D1_Phii_2.jpg  used on input line 1852.
(pdftex.def)             Requested size: 415.41043pt x 237.14546pt.
<./errors/P1_Phii_2.jpg, id=324, 1589.94pt x 913.4125pt>
File: ./errors/P1_Phii_2.jpg Graphic file (type jpg)
<use ./errors/P1_Phii_2.jpg>
Package pdftex.def Info: ./errors/P1_Phii_2.jpg  used on input line 1858.
(pdftex.def)             Requested size: 415.41043pt x 238.6524pt.
File: ./errors/D1_Phie_2.jpg Graphic file (type jpg)
<use ./errors/D1_Phie_2.jpg>
Package pdftex.def Info: ./errors/D1_Phie_2.jpg  used on input line 1870.
(pdftex.def)             Requested size: 415.41043pt x 236.85406pt.
<./errors/P1_Phie_2.jpg, id=325, 1584.92125pt x 911.405pt>
File: ./errors/P1_Phie_2.jpg Graphic file (type jpg)
<use ./errors/P1_Phie_2.jpg>
Package pdftex.def Info: ./errors/P1_Phie_2.jpg  used on input line 1876.
(pdftex.def)             Requested size: 415.41043pt x 238.87886pt.
[65

 <./errors/P1_Phii_2.jpg>]
File: ./errors/D1_w_2.jpg Graphic file (type jpg)
<use ./errors/D1_w_2.jpg>
Package pdftex.def Info: ./errors/D1_w_2.jpg  used on input line 1888.
(pdftex.def)             Requested size: 415.41043pt x 235.02406pt.
<./errors/P1_w_2.jpg, id=329, 1581.91pt x 899.36pt>
File: ./errors/P1_w_2.jpg Graphic file (type jpg)
<use ./errors/P1_w_2.jpg>
Package pdftex.def Info: ./errors/P1_w_2.jpg  used on input line 1894.
(pdftex.def)             Requested size: 415.41043pt x 236.17473pt.
 [66 <./errors/P1_Phie_2.jpg>] [67 <./errors/P1_w_2.jpg>]
LaTeX Font Info:    Font shape `T1/cmtt/bx/n' in size <10.95> not available
(Font)              Font shape `T1/cmtt/m/n' tried instead on input line 1906.
 (/usr/share/texlive/texmf-dist/tex/latex/listings/lstlang1.sty
File: lstlang1.sty 2020/03/24 1.8d listings language file
)
[68

] [69]
Overfull \hbox (4.49023pt too wide) in paragraph at lines 2026--2027
[][][][][][][][][][][][][][][][][][][][][][][][][][][][][][][][][][][][][][][][
] 
 []

[70]
Overfull \hbox (4.49023pt too wide) in paragraph at lines 2076--2077
[][][][][][][][][][][][][][][][][][][][][][][][][][][][][][][] 
 []


Overfull \hbox (4.49023pt too wide) in paragraph at lines 2084--2085
[][][][][][][][][][][][][][][][][][][][][][][][] 
 []

[71] [72] [73] [74] (./report.aux)
Package logreq Info: Writing requests to 'report.run.xml'.
\openout1 = `report.run.xml'.

 ) 
Here is how much of TeX's memory you used:
 18261 strings out of 481241
 306827 string characters out of 5915412
 1093331 words of memory out of 5000000
 34870 multiletter control sequences out of 15000+600000
 438440 words of font info for 117 fonts, out of 8000000 for 9000
 14 hyphenation exceptions out of 8191
 81i,19n,89p,1434b,1750s stack positions out of 5000i,500n,10000p,200000b,80000s
 </home/matteo/.texlive2020/texmf-var/fonts/pk/ljfour/jknappen/ec/tcti1000.60
0pk> </home/matteo/.texlive2020/texmf-var/fonts/pk/ljfour/jknappen/ec/tcrm1000.
600pk> </home/matteo/.texlive2020/texmf-var/fonts/pk/ljfour/jknappen/ec/ecti100
0.600pk> </home/matteo/.texlive2020/texmf-var/fonts/pk/ljfour/jknappen/ec/ecbx1
000.600pk> </home/matteo/.texlive2020/texmf-var/fonts/pk/ljfour/jknappen/ec/ecr
m0600.600pk> </home/matteo/.texlive2020/texmf-var/fonts/pk/ljfour/jknappen/ec/e
crm1200.600pk> </home/matteo/.texlive2020/texmf-var/fonts/pk/ljfour/jknappen/ec
/ecrm1000.600pk> </home/matteo/.texlive2020/texmf-var/fonts/pk/ljfour/jknappen/
ec/ecrm0800.600pk> </home/matteo/.texlive2020/texmf-var/fonts/pk/ljfour/jknappe
n/ec/tcrm1095.600pk> </home/matteo/.texlive2020/texmf-var/fonts/pk/ljfour/jknap
pen/ec/ecrm0900.600pk> </home/matteo/.texlive2020/texmf-var/fonts/pk/ljfour/jkn
appen/ec/ecbx1200.600pk> </home/matteo/.texlive2020/texmf-var/fonts/pk/ljfour/j
knappen/ec/tcrm0800.600pk> </home/matteo/.texlive2020/texmf-var/fonts/pk/ljfour
/jknappen/ec/ecti1095.600pk> </home/matteo/.texlive2020/texmf-var/fonts/pk/ljfo
ur/jknappen/ec/ectt1095.600pk> </home/matteo/.texlive2020/texmf-var/fonts/pk/lj
four/jknappen/ec/ecrm1095.600pk> </home/matteo/.texlive2020/texmf-var/fonts/pk/
ljfour/jknappen/ec/ecbx1095.600pk> </home/matteo/.texlive2020/texmf-var/fonts/p
k/ljfour/jknappen/ec/ecbx1440.600pk> </home/matteo/.texlive2020/texmf-var/fonts
/pk/ljfour/jknappen/ec/eccc1200.600pk> </home/matteo/.texlive2020/texmf-var/fon
ts/pk/ljfour/jknappen/ec/eccc1440.600pk> </home/matteo/.texlive2020/texmf-var/f
onts/pk/ljfour/jknappen/ec/ecti1440.600pk> </home/matteo/.texlive2020/texmf-var
/fonts/pk/ljfour/jknappen/ec/ecbx2488.600pk> </home/matteo/.texlive2020/texmf-v
ar/fonts/pk/ljfour/jknappen/ec/eccc1095.600pk></usr/share/texlive/texmf-dist/fo
nts/type1/public/amsfonts/cm/cmbsy10.pfb></usr/share/texlive/texmf-dist/fonts/t
ype1/public/amsfonts/cm/cmbx10.pfb></usr/share/texlive/texmf-dist/fonts/type1/p
ublic/amsfonts/cm/cmbx8.pfb></usr/share/texlive/texmf-dist/fonts/type1/public/a
msfonts/cm/cmex10.pfb></usr/share/texlive/texmf-dist/fonts/type1/public/amsfont
s/cm/cmmi10.pfb></usr/share/texlive/texmf-dist/fonts/type1/public/amsfonts/cm/c
mmi12.pfb></usr/share/texlive/texmf-dist/fonts/type1/public/amsfonts/cm/cmmi6.p
fb></usr/share/texlive/texmf-dist/fonts/type1/public/amsfonts/cm/cmmi7.pfb></us
r/share/texlive/texmf-dist/fonts/type1/public/amsfonts/cm/cmmi8.pfb></usr/share
/texlive/texmf-dist/fonts/type1/public/amsfonts/cm/cmmi9.pfb></usr/share/texliv
e/texmf-dist/fonts/type1/public/amsfonts/cmextra/cmmib8.pfb></usr/share/texlive
/texmf-dist/fonts/type1/public/amsfonts/cm/cmr10.pfb></usr/share/texlive/texmf-
dist/fonts/type1/public/amsfonts/cm/cmr12.pfb></usr/share/texlive/texmf-dist/fo
nts/type1/public/amsfonts/cm/cmr6.pfb></usr/share/texlive/texmf-dist/fonts/type
1/public/amsfonts/cm/cmr8.pfb></usr/share/texlive/texmf-dist/fonts/type1/public
/amsfonts/cm/cmr9.pfb></usr/share/texlive/texmf-dist/fonts/type1/public/amsfont
s/cm/cmsy10.pfb></usr/share/texlive/texmf-dist/fonts/type1/public/amsfonts/cm/c
msy8.pfb></usr/share/texlive/texmf-dist/fonts/type1/public/amsfonts/symbols/msb
m10.pfb>
Output written on report.pdf (75 pages, 9711409 bytes).
PDF statistics:
 1123 PDF objects out of 1200 (max. 8388607)
 314 compressed objects within 4 object streams
 0 named destinations out of 1000 (max. 500000)
 386 words of extra memory for PDF output out of 10000 (max. 10000000)

